[debug] [2019-04-06T11:25:00.446Z] ----------------------------------------------------------------------
[debug] [2019-04-06T11:25:00.448Z] Command:       /Users/kwon/.nvm/versions/node/v11.13.0/bin/node /Users/kwon/.nvm/versions/node/v11.13.0/bin/firebase deploy
[debug] [2019-04-06T11:25:00.448Z] CLI Version:   6.5.0
[debug] [2019-04-06T11:25:00.448Z] Platform:      darwin
[debug] [2019-04-06T11:25:00.448Z] Node Version:  v11.13.0
[debug] [2019-04-06T11:25:00.454Z] Time:          Sat Apr 06 2019 20:25:00 GMT+0900 (Korean Standard Time)
[debug] [2019-04-06T11:25:00.454Z] ----------------------------------------------------------------------
[debug] 
[debug] [2019-04-06T11:25:00.465Z] > command requires scopes: ["email","openid","https://www.googleapis.com/auth/cloudplatformprojects.readonly","https://www.googleapis.com/auth/firebase","https://www.googleapis.com/auth/cloud-platform"]
[debug] [2019-04-06T11:25:00.465Z] > authorizing via signed-in user
[debug] [2019-04-06T11:25:00.465Z] [iam] checking project m-hearing-masterpiece for permissions ["cloudfunctions.functions.create","cloudfunctions.functions.delete","cloudfunctions.functions.get","cloudfunctions.functions.list","cloudfunctions.functions.update","cloudfunctions.operations.get","firebase.projects.get","firebasedatabase.instances.update","firebasehosting.sites.update","firebaserules.releases.create","firebaserules.releases.update","firebaserules.rulesets.create"]
[debug] [2019-04-06T11:25:00.467Z] >>> HTTP REQUEST POST https://cloudresourcemanager.googleapis.com/v1/projects/m-hearing-masterpiece:testIamPermissions  

[debug] [2019-04-06T11:25:01.489Z] <<< HTTP RESPONSE 200
[debug] [2019-04-06T11:25:01.497Z] >>> HTTP REQUEST GET https://firebase.googleapis.com/v1beta1/projects/m-hearing-masterpiece  
 
[debug] [2019-04-06T11:25:02.355Z] <<< HTTP RESPONSE 200
[info] 
[info] === Deploying to 'm-hearing-masterpiece'...
[info] 
[info] i  deploying database, storage, functions, hosting
[info] Running command: npm --prefix "$RESOURCE_DIR" run lint
[info] ✔  functions: Finished running predeploy script.
[info] i  database: checking rules syntax...
[debug] [2019-04-06T11:25:06.016Z] >>> HTTP REQUEST PUT https://m-hearing-masterpiece.firebaseio.com/.settings/rules.json?dryRun=true  
 {
  "rules": {
    ".read": "auth != null",
    ".write": "auth != null"
  }
}
[debug] [2019-04-06T11:25:07.163Z] <<< HTTP RESPONSE 200
[info] ✔  database: rules syntax for database m-hearing-masterpiece is valid
[debug] [2019-04-06T11:25:07.165Z] >>> HTTP REQUEST GET https://appengine.googleapis.com/v1/apps/m-hearing-masterpiece  
 
[debug] [2019-04-06T11:25:08.391Z] <<< HTTP RESPONSE 200
[info] i  storage: checking storage.rules for compilation errors...
[debug] [2019-04-06T11:25:08.399Z] >>> HTTP REQUEST POST https://firebaserules.googleapis.com/v1/projects/m-hearing-masterpiece:test  

[debug] [2019-04-06T11:25:09.926Z] <<< HTTP RESPONSE 200
[info] ✔  storage: rules file storage.rules compiled successfully
[debug] [2019-04-06T11:25:09.928Z] > [functions] package.json contents: {
  "name": "functions",
  "description": "Cloud Functions for Firebase",
  "scripts": {
    "lint": "eslint .",
    "serve": "firebase serve --only functions",
    "shell": "firebase functions:shell",
    "start": "npm run shell",
    "deploy": "firebase deploy --only functions",
    "logs": "firebase functions:log"
  },
  "dependencies": {
    "firebase-admin": "~7.0.0",
    "firebase-functions": "^2.2.0"
  },
  "devDependencies": {
    "eslint": "^5.12.0",
    "eslint-plugin-promise": "^4.0.1"
  },
  "private": true
}
[info] i  functions: ensuring necessary APIs are enabled...
[debug] [2019-04-06T11:25:09.929Z] >>> HTTP REQUEST GET https://servicemanagement.googleapis.com/v1/services/cloudfunctions.googleapis.com/projectSettings/m-hearing-masterpiece?view=CONSUMER_VIEW  
 
[debug] [2019-04-06T11:25:09.929Z] >>> HTTP REQUEST GET https://servicemanagement.googleapis.com/v1/services/runtimeconfig.googleapis.com/projectSettings/m-hearing-masterpiece?view=CONSUMER_VIEW  
 
[debug] [2019-04-06T11:25:11.620Z] <<< HTTP RESPONSE 200
[debug] [2019-04-06T11:25:11.687Z] <<< HTTP RESPONSE 200
[info] ✔  functions: all necessary APIs are enabled
[debug] [2019-04-06T11:25:11.688Z] >>> HTTP REQUEST GET https://cloudresourcemanager.googleapis.com/v1/projects/m-hearing-masterpiece  
 
[debug] [2019-04-06T11:25:12.536Z] <<< HTTP RESPONSE 200
[debug] [2019-04-06T11:25:12.537Z] >>> HTTP REQUEST GET https://mobilesdk-pa.googleapis.com/v1/projects/255526823683:getServerAppConfig  
 
[debug] [2019-04-06T11:25:13.505Z] <<< HTTP RESPONSE 200
[debug] [2019-04-06T11:25:13.507Z] >>> HTTP REQUEST POST https://firebasehosting.googleapis.com/v1beta1/sites/m-hearing-masterpiece/versions  

[debug] [2019-04-06T11:25:15.459Z] <<< HTTP RESPONSE 200
[info] i  storage: uploading rules storage.rules...
[debug] [2019-04-06T11:25:15.460Z] >>> HTTP REQUEST POST https://firebaserules.googleapis.com/v1/projects/m-hearing-masterpiece/rulesets  

[debug] [2019-04-06T11:25:16.994Z] <<< HTTP RESPONSE 200
[debug] [2019-04-06T11:25:16.994Z] [rules] created ruleset projects/m-hearing-masterpiece/rulesets/b34b9d2e-8b13-4690-95ce-6f96cb18dfba
[info] i  functions: preparing functions directory for uploading...
[debug] [2019-04-06T11:25:16.995Z] >>> HTTP REQUEST GET https://runtimeconfig.googleapis.com/v1beta1/projects/m-hearing-masterpiece/configs  
 
[debug] [2019-04-06T11:25:18.532Z] <<< HTTP RESPONSE 200
[info] i  hosting[m-hearing-masterpiece]: beginning deploy...
[info] i  hosting[m-hearing-masterpiece]: found 31 files in public
[debug] [2019-04-06T11:25:18.705Z] [hosting] hash cache [cHVibGlj] load error: lines is not defined
[debug] [2019-04-06T11:25:18.761Z] [hosting] hash cache [cHVibGlj] stored for 31 files
[debug] [2019-04-06T11:25:18.761Z] [hosting][hash queue][FINAL]
[debug] [2019-04-06T11:25:18.761Z] >>> HTTP REQUEST POST https://firebasehosting.googleapis.com/v1beta1/sites/m-hearing-masterpiece/versions/d9c531ee47233f2d:populateFiles  
 <request body omitted>
[debug] [2019-04-06T11:25:21.296Z] <<< HTTP RESPONSE 200
[debug] [2019-04-06T11:25:21.300Z] [hosting][populate queue][FINAL]
[debug] [2019-04-06T11:25:21.300Z] [hosting] uploads queued: 3
